# JRE version: Java(TM) SE Runtime Environment (9.0+11) (build 9.0.4+11)
# Java VM: Java HotSpot(TM) 64-Bit Server VM (9.0.4+11, mixed mode, tiered, compressed oops, g1 gc, windows-amd64)
Heap:
 garbage-first heap   total 289792K, used 101464K [0x0000000700000000, 0x00000007001008d8, 0x00000007c0000000)
  region size 1024K, 11 young (11264K), 1 survivors (1024K)
 Metaspace       used 97813K, capacity 100840K, committed 104112K, reserved 1138688K
  class space    used 14557K, capacity 15146K, committed 15792K, reserved 1048576K
GC Heap History (10 events):
Event: 12899.372 GC heap before
{Heap before GC invocations=417 (full 15):
 garbage-first heap   total 289792K, used 152803K [0x0000000700000000, 0x00000007001008d8, 0x00000007c0000000)
  region size 1024K, 60 young (61440K), 1 survivors (1024K)
 Metaspace       used 97795K, capacity 100840K, committed 104112K, reserved 1138688K
  class space    used 14557K, capacity 15146K, committed 15792K, reserved 1048576K
}
Event: 12899.378 GC heap after
{Heap after GC invocations=418 (full 15):
 garbage-first heap   total 289792K, used 92439K [0x0000000700000000, 0x00000007001008d8, 0x00000007c0000000)
  region size 1024K, 1 young (1024K), 1 survivors (1024K)
 Metaspace       used 97795K, capacity 100840K, committed 104112K, reserved 1138688K
  class space    used 14557K, capacity 15146K, committed 15792K, reserved 1048576K
}
Event: 13066.618 GC heap before
{Heap before GC invocations=418 (full 15):
 garbage-first heap   total 289792K, used 142615K [0x0000000700000000, 0x00000007001008d8, 0x00000007c0000000)
  region size 1024K, 51 young (52224K), 1 survivors (1024K)
 Metaspace       used 97795K, capacity 100840K, committed 104112K, reserved 1138688K
  class space    used 14557K, capacity 15146K, committed 15792K, reserved 1048576K
}
Event: 13066.869 GC heap after
{Heap after GC invocations=419 (full 16):
 garbage-first heap   total 289792K, used 91565K [0x0000000700000000, 0x00000007001008d8, 0x00000007c0000000)
  region size 1024K, 0 young (0K), 0 survivors (0K)
 Metaspace       used 97795K, capacity 100840K, committed 104112K, reserved 1138688K
  class space    used 14557K, capacity 15146K, committed 15792K, reserved 1048576K
}
Event: 13269.861 GC heap before
{Heap before GC invocations=419 (full 16):
 garbage-first heap   total 289792K, used 153005K [0x0000000700000000, 0x00000007001008d8, 0x00000007c0000000)
  region size 1024K, 60 young (61440K), 0 survivors (0K)
 Metaspace       used 97795K, capacity 100840K, committed 104112K, reserved 1138688K
  class space    used 14557K, capacity 15146K, committed 15792K, reserved 1048576K
}
Event: 13269.865 GC heap after
{Heap after GC invocations=420 (full 16):
 garbage-first heap   total 289792K, used 92200K [0x0000000700000000, 0x00000007001008d8, 0x00000007c0000000)
  region size 1024K, 1 young (1024K), 1 survivors (1024K)
 Metaspace       used 97795K, capacity 100840K, committed 104112K, reserved 1138688K
  class space    used 14557K, capacity 15146K, committed 15792K, reserved 1048576K
}
Event: 13469.872 GC heap before
{Heap before GC invocations=420 (full 16):
 garbage-first heap   total 289792K, used 152616K [0x0000000700000000, 0x00000007001008d8, 0x00000007c0000000)
  region size 1024K, 60 young (61440K), 1 survivors (1024K)
 Metaspace       used 97795K, capacity 100840K, committed 104112K, reserved 1138688K
  class space    used 14557K, capacity 15146K, committed 15792K, reserved 1048576K
}
Event: 13469.878 GC heap after
{Heap after GC invocations=421 (full 16):
 garbage-first heap   total 289792K, used 92324K [0x0000000700000000, 0x00000007001008d8, 0x00000007c0000000)
  region size 1024K, 1 young (1024K), 1 survivors (1024K)
 Metaspace       used 97795K, capacity 100840K, committed 104112K, reserved 1138688K
  class space    used 14557K, capacity 15146K, committed 15792K, reserved 1048576K
}
Event: 13598.227 GC heap before
{Heap before GC invocations=421 (full 16):
 garbage-first heap   total 289792K, used 152740K [0x0000000700000000, 0x00000007001008d8, 0x00000007c0000000)
  region size 1024K, 60 young (61440K), 1 survivors (1024K)
 Metaspace       used 97798K, capacity 100840K, committed 104112K, reserved 1138688K
  class space    used 14557K, capacity 15146K, committed 15792K, reserved 1048576K
}
Event: 13598.230 GC heap after
{Heap after GC invocations=422 (full 16):
 garbage-first heap   total 289792K, used 92248K [0x0000000700000000, 0x00000007001008d8, 0x00000007c0000000)
  region size 1024K, 1 young (1024K), 1 survivors (1024K)
 Metaspace       used 97798K, capacity 100840K, committed 104112K, reserved 1138688K
  class space    used 14557K, capacity 15146K, committed 15792K, reserved 1048576K
}

